[com.milklabs.wscall.SecureWebServiceCaller] DEBUG 2022-03-28 18:23:04,359 - [SecureWebServiceCaller] constructor called, urlServico: [Address: https://apps.correios.com.br/SigepMasterJPA/AtendeClienteService/AtendeCliente] namespace: [http://cliente.bean.master.sigep.bsb.correios.com.br/] prefixo: [cli]
 [com.milklabs.wscall.SecureWebServiceCaller] DEBUG 2022-03-28 18:23:04,361 - [chamarSincronoWS] chamado, EndpointReference: [Address: https://apps.correios.com.br/SigepMasterJPA/AtendeClienteService/AtendeCliente] namespace: [http://cliente.bean.master.sigep.bsb.correios.com.br/] prefixo: [cli] metodo: [consultaCEP] params: [{cep=21321-620}] username: [null] password: [null]
 [com.milklabs.wscall.SecureWebServiceCaller] DEBUG 2022-03-28 18:23:04,391 - null
 [com.milklabs.wscall.SecureWebServiceCaller] DEBUG 2022-03-28 18:26:58,774 - [SecureWebServiceCaller] constructor called, urlServico: [Address: https://apps.correios.com.br/SigepMasterJPA/AtendeClienteService/AtendeCliente] namespace: [http://cliente.bean.master.sigep.bsb.correios.com.br/] prefixo: [cli]
 [com.milklabs.wscall.SecureWebServiceCaller] DEBUG 2022-03-28 18:26:58,776 - [chamarSincronoWS] chamado, EndpointReference: [Address: https://apps.correios.com.br/SigepMasterJPA/AtendeClienteService/AtendeCliente] namespace: [http://cliente.bean.master.sigep.bsb.correios.com.br/] prefixo: [cli] metodo: [consultaCEP] params: [{cep=21321-620}] username: [null] password: [null]
 [com.milklabs.wscall.SecureWebServiceCaller] DEBUG 2022-03-28 18:26:58,804 - null
 [com.milklabs.wscall.SecureWebServiceCaller] DEBUG 2022-03-28 18:33:43,233 - [SecureWebServiceCaller] constructor called, urlServico: [Address: https://apps.correios.com.br/SigepMasterJPA/AtendeClienteService/AtendeCliente] namespace: [http://cliente.bean.master.sigep.bsb.correios.com.br/] prefixo: [cli]
 [com.milklabs.wscall.SecureWebServiceCaller] DEBUG 2022-03-28 18:33:43,234 - [chamarSincronoWS] chamado, EndpointReference: [Address: https://apps.correios.com.br/SigepMasterJPA/AtendeClienteService/AtendeCliente] namespace: [http://cliente.bean.master.sigep.bsb.correios.com.br/] prefixo: [cli] metodo: [consultaCEP] params: [{cep=21321-620}] username: [null] password: [null]
 [com.milklabs.wscall.SecureWebServiceCaller] DEBUG 2022-03-28 18:33:43,263 - null
 [com.milklabs.wscall.SecureWebServiceCaller] DEBUG 2022-03-28 18:36:10,037 - [SecureWebServiceCaller] constructor called, urlServico: [Address: https://apps.correios.com.br/SigepMasterJPA/AtendeClienteService/AtendeCliente] namespace: [http://cliente.bean.master.sigep.bsb.correios.com.br/] prefixo: [cli]
 [com.milklabs.wscall.SecureWebServiceCaller] DEBUG 2022-03-28 18:36:10,039 - [chamarSincronoWS] chamado, EndpointReference: [Address: https://apps.correios.com.br/SigepMasterJPA/AtendeClienteService/AtendeCliente] namespace: [http://cliente.bean.master.sigep.bsb.correios.com.br/] prefixo: [cli] metodo: [consultaCEP] params: [{cep=21321-620}] username: [null] password: [null]
 [com.milklabs.wscall.SecureWebServiceCaller] DEBUG 2022-03-28 18:36:10,068 - null
 [com.milklabs.wscall.SecureWebServiceCaller] DEBUG 2022-03-28 18:45:33,005 - [SecureWebServiceCaller] constructor called, urlServico: [Address: https://apps.correios.com.br/SigepMasterJPA/AtendeClienteService/AtendeCliente] namespace: [http://cliente.bean.master.sigep.bsb.correios.com.br/] prefixo: [cli]
 [com.milklabs.wscall.SecureWebServiceCaller] DEBUG 2022-03-28 18:45:33,006 - [chamarSincronoWS] chamado, EndpointReference: [Address: https://apps.correios.com.br/SigepMasterJPA/AtendeClienteService/AtendeCliente] namespace: [http://cliente.bean.master.sigep.bsb.correios.com.br/] prefixo: [cli] metodo: [consultaCEP] params: [{cep=21321-620}] username: [null] password: [null]
 [com.milklabs.wscall.SecureWebServiceCaller] DEBUG 2022-03-28 18:45:33,036 - null
 [com.milklabs.wscall.SecureWebServiceCaller] DEBUG 2022-03-28 18:46:15,004 - [SecureWebServiceCaller] constructor called, urlServico: [Address: https://apps.correios.com.br/SigepMasterJPA/AtendeClienteService/AtendeCliente] namespace: [http://cliente.bean.master.sigep.bsb.correios.com.br/] prefixo: [cli]
 [com.milklabs.wscall.SecureWebServiceCaller] DEBUG 2022-03-28 18:46:15,005 - [chamarSincronoWS] chamado, EndpointReference: [Address: https://apps.correios.com.br/SigepMasterJPA/AtendeClienteService/AtendeCliente] namespace: [http://cliente.bean.master.sigep.bsb.correios.com.br/] prefixo: [cli] metodo: [consultaCEP] params: [{cep=21321-620}] username: [null] password: [null]
 [com.milklabs.wscall.SecureWebServiceCaller] DEBUG 2022-03-28 18:46:15,035 - null
 [com.milklabs.wscall.SecureWebServiceCaller] INFO  2022-03-28 18:46:16,834 - [chamarSincronoWS] resposta XML: 
<ns2:consultaCEPResponse xmlns:ns2="http://cliente.bean.master.sigep.bsb.correios.com.br/"><return><bairro>Praça Seca</bairro><cep>21321620</cep><cidade>Rio de Janeiro</cidade><complemento2>- até 499/500</complemento2><end>Rua Barão</end><uf>RJ</uf></return></ns2:consultaCEPResponse>
 [com.milklabs.wscall.SecureWebServiceCaller] DEBUG 2022-03-28 19:34:57,178 - [SecureWebServiceCaller] constructor called, urlServico: [Address: https://apps.correios.com.br/SigepMasterJPA/AtendeClienteService/AtendeCliente] namespace: [http://cliente.bean.master.sigep.bsb.correios.com.br/] prefixo: [cli]
 [com.milklabs.wscall.SecureWebServiceCaller] DEBUG 2022-03-28 19:34:57,180 - [chamarSincronoWS] chamado, EndpointReference: [Address: https://apps.correios.com.br/SigepMasterJPA/AtendeClienteService/AtendeCliente] namespace: [http://cliente.bean.master.sigep.bsb.correios.com.br/] prefixo: [cli] metodo: [consultaCEP] params: [{cep=21321-620}] username: [null] password: [null]
 [com.milklabs.wscall.SecureWebServiceCaller] DEBUG 2022-03-28 19:34:57,210 - null
 [com.milklabs.wscall.SecureWebServiceCaller] INFO  2022-03-28 19:34:59,065 - [chamarSincronoWS] resposta XML: 
<ns2:consultaCEPResponse xmlns:ns2="http://cliente.bean.master.sigep.bsb.correios.com.br/"><return><bairro>Praça Seca</bairro><cep>21321620</cep><cidade>Rio de Janeiro</cidade><complemento2>- até 499/500</complemento2><end>Rua Barão</end><uf>RJ</uf></return></ns2:consultaCEPResponse>
 [com.milklabs.wscall.SecureWebServiceCaller] DEBUG 2022-03-28 19:35:30,874 - [SecureWebServiceCaller] constructor called, urlServico: [Address: https://apps.correios.com.br/SigepMasterJPA/AtendeClienteService/AtendeCliente] namespace: [http://cliente.bean.master.sigep.bsb.correios.com.br/] prefixo: [cli]
 [com.milklabs.wscall.SecureWebServiceCaller] DEBUG 2022-03-28 19:35:30,876 - [chamarSincronoWS] chamado, EndpointReference: [Address: https://apps.correios.com.br/SigepMasterJPA/AtendeClienteService/AtendeCliente] namespace: [http://cliente.bean.master.sigep.bsb.correios.com.br/] prefixo: [cli] metodo: [consultaCEP] params: [{cep=21321-620}] username: [null] password: [null]
 [com.milklabs.wscall.SecureWebServiceCaller] DEBUG 2022-03-28 19:35:30,906 - null
 [com.milklabs.wscall.SecureWebServiceCaller] INFO  2022-03-28 19:35:32,770 - [chamarSincronoWS] resposta XML: 
<ns2:consultaCEPResponse xmlns:ns2="http://cliente.bean.master.sigep.bsb.correios.com.br/"><return><bairro>Praça Seca</bairro><cep>21321620</cep><cidade>Rio de Janeiro</cidade><complemento2>- até 499/500</complemento2><end>Rua Barão</end><uf>RJ</uf></return></ns2:consultaCEPResponse>
 [com.milklabs.wscall.SecureWebServiceCaller] DEBUG 2022-03-28 19:36:19,070 - [SecureWebServiceCaller] constructor called, urlServico: [Address: https://apps.correios.com.br/SigepMasterJPA/AtendeClienteService/AtendeCliente] namespace: [http://cliente.bean.master.sigep.bsb.correios.com.br/] prefixo: [cli]
 [com.milklabs.wscall.SecureWebServiceCaller] DEBUG 2022-03-28 19:36:19,072 - [chamarSincronoWS] chamado, EndpointReference: [Address: https://apps.correios.com.br/SigepMasterJPA/AtendeClienteService/AtendeCliente] namespace: [http://cliente.bean.master.sigep.bsb.correios.com.br/] prefixo: [cli] metodo: [consultaCEP] params: [{cep=21321-620}] username: [null] password: [null]
 [com.milklabs.wscall.SecureWebServiceCaller] DEBUG 2022-03-28 19:36:19,101 - null
 [com.milklabs.wscall.SecureWebServiceCaller] INFO  2022-03-28 19:36:20,955 - [chamarSincronoWS] resposta XML: 
<ns2:consultaCEPResponse xmlns:ns2="http://cliente.bean.master.sigep.bsb.correios.com.br/"><return><bairro>Praça Seca</bairro><cep>21321620</cep><cidade>Rio de Janeiro</cidade><complemento2>- até 499/500</complemento2><end>Rua Barão</end><uf>RJ</uf></return></ns2:consultaCEPResponse>
 [com.milklabs.wscall.SecureWebServiceCaller] DEBUG 2022-03-28 19:37:43,351 - [SecureWebServiceCaller] constructor called, urlServico: [Address: https://apps.correios.com.br/SigepMasterJPA/AtendeClienteService/AtendeCliente] namespace: [http://cliente.bean.master.sigep.bsb.correios.com.br/] prefixo: [cli]
 [com.milklabs.wscall.SecureWebServiceCaller] DEBUG 2022-03-28 19:37:43,353 - [chamarSincronoWS] chamado, EndpointReference: [Address: https://apps.correios.com.br/SigepMasterJPA/AtendeClienteService/AtendeCliente] namespace: [http://cliente.bean.master.sigep.bsb.correios.com.br/] prefixo: [cli] metodo: [consultaCEP] params: [{cep=22410-030}] username: [null] password: [null]
 [com.milklabs.wscall.SecureWebServiceCaller] DEBUG 2022-03-28 19:37:43,382 - null
 [com.milklabs.wscall.SecureWebServiceCaller] INFO  2022-03-28 19:37:45,213 - [chamarSincronoWS] resposta XML: 
<ns2:consultaCEPResponse xmlns:ns2="http://cliente.bean.master.sigep.bsb.correios.com.br/"><return><bairro>Ipanema</bairro><cep>22410030</cep><cidade>Rio de Janeiro</cidade><complemento2 /><end>Praça Nossa Senhora da Paz</end><uf>RJ</uf></return></ns2:consultaCEPResponse>
 [com.milklabs.wscall.SecureWebServiceCaller] DEBUG 2022-03-28 19:54:50,643 - [SecureWebServiceCaller] constructor called, urlServico: [Address: https://apps.correios.com.br/SigepMasterJPA/AtendeClienteService/AtendeCliente] namespace: [http://cliente.bean.master.sigep.bsb.correios.com.br/] prefixo: [cli]
 [com.milklabs.wscall.SecureWebServiceCaller] DEBUG 2022-03-28 19:54:50,645 - [chamarSincronoWS] chamado, EndpointReference: [Address: https://apps.correios.com.br/SigepMasterJPA/AtendeClienteService/AtendeCliente] namespace: [http://cliente.bean.master.sigep.bsb.correios.com.br/] prefixo: [cli] metodo: [consultaCEP] params: [{cep=22410-999}] username: [null] password: [null]
 [com.milklabs.wscall.SecureWebServiceCaller] DEBUG 2022-03-28 19:54:50,675 - null
 [com.milklabs.wscall.SecureWebServiceCaller] DEBUG 2022-03-28 19:56:43,208 - [SecureWebServiceCaller] constructor called, urlServico: [Address: https://apps.correios.com.br/SigepMasterJPA/AtendeClienteService/AtendeCliente] namespace: [http://cliente.bean.master.sigep.bsb.correios.com.br/] prefixo: [cli]
 [com.milklabs.wscall.SecureWebServiceCaller] DEBUG 2022-03-28 19:56:43,211 - [chamarSincronoWS] chamado, EndpointReference: [Address: https://apps.correios.com.br/SigepMasterJPA/AtendeClienteService/AtendeCliente] namespace: [http://cliente.bean.master.sigep.bsb.correios.com.br/] prefixo: [cli] metodo: [consultaCEP] params: [{cep=22410-999}] username: [null] password: [null]
 [com.milklabs.wscall.SecureWebServiceCaller] DEBUG 2022-03-28 19:56:43,240 - null
 [com.milklabs.wscall.SecureWebServiceCaller] DEBUG 2022-03-28 20:01:33,514 - [SecureWebServiceCaller] constructor called, urlServico: [Address: https://apps.correios.com.br/SigepMasterJPA/AtendeClienteService/AtendeCliente] namespace: [http://cliente.bean.master.sigep.bsb.correios.com.br/] prefixo: [cli]
 [com.milklabs.wscall.SecureWebServiceCaller] DEBUG 2022-03-28 20:01:33,516 - [chamarSincronoWS] chamado, EndpointReference: [Address: https://apps.correios.com.br/SigepMasterJPA/AtendeClienteService/AtendeCliente] namespace: [http://cliente.bean.master.sigep.bsb.correios.com.br/] prefixo: [cli] metodo: [consultaCEP] params: [{cep=22410-999}] username: [null] password: [null]
 [com.milklabs.wscall.SecureWebServiceCaller] DEBUG 2022-03-28 20:01:33,545 - null
 [com.milklabs.wscall.SecureWebServiceCaller] DEBUG 2022-03-28 20:02:08,910 - [SecureWebServiceCaller] constructor called, urlServico: [Address: https://apps.correios.com.br/SigepMasterJPA/AtendeClienteService/AtendeCliente] namespace: [http://cliente.bean.master.sigep.bsb.correios.com.br/] prefixo: [cli]
 [com.milklabs.wscall.SecureWebServiceCaller] DEBUG 2022-03-28 20:02:08,912 - [chamarSincronoWS] chamado, EndpointReference: [Address: https://apps.correios.com.br/SigepMasterJPA/AtendeClienteService/AtendeCliente] namespace: [http://cliente.bean.master.sigep.bsb.correios.com.br/] prefixo: [cli] metodo: [consultaCEP] params: [{cep=22410-030}] username: [null] password: [null]
 [com.milklabs.wscall.SecureWebServiceCaller] DEBUG 2022-03-28 20:02:08,941 - null
 [com.milklabs.wscall.SecureWebServiceCaller] INFO  2022-03-28 20:02:10,769 - [chamarSincronoWS] resposta XML: 
<ns2:consultaCEPResponse xmlns:ns2="http://cliente.bean.master.sigep.bsb.correios.com.br/"><return><bairro>Ipanema</bairro><cep>22410030</cep><cidade>Rio de Janeiro</cidade><complemento2 /><end>Praça Nossa Senhora da Paz</end><uf>RJ</uf></return></ns2:consultaCEPResponse>
 [com.milklabs.wscall.SecureWebServiceCaller] DEBUG 2022-03-28 20:05:26,630 - [SecureWebServiceCaller] constructor called, urlServico: [Address: https://apps.correios.com.br/SigepMasterJPA/AtendeClienteService/AtendeCliente] namespace: [http://cliente.bean.master.sigep.bsb.correios.com.br/] prefixo: [cli]
 [com.milklabs.wscall.SecureWebServiceCaller] DEBUG 2022-03-28 20:05:26,632 - [chamarSincronoWS] chamado, EndpointReference: [Address: https://apps.correios.com.br/SigepMasterJPA/AtendeClienteService/AtendeCliente] namespace: [http://cliente.bean.master.sigep.bsb.correios.com.br/] prefixo: [cli] metodo: [consultaCEP] params: [{cep=22410-030}] username: [null] password: [null]
 [com.milklabs.wscall.SecureWebServiceCaller] DEBUG 2022-03-28 20:05:26,661 - null
 [com.milklabs.wscall.SecureWebServiceCaller] INFO  2022-03-28 20:05:28,486 - [chamarSincronoWS] resposta XML: 
<ns2:consultaCEPResponse xmlns:ns2="http://cliente.bean.master.sigep.bsb.correios.com.br/"><return><bairro>Ipanema</bairro><cep>22410030</cep><cidade>Rio de Janeiro</cidade><complemento2 /><end>Praça Nossa Senhora da Paz</end><uf>RJ</uf></return></ns2:consultaCEPResponse>
 [com.milklabs.wscall.SecureWebServiceCaller] DEBUG 2022-03-28 20:06:20,125 - [SecureWebServiceCaller] constructor called, urlServico: [Address: https://apps.correios.com.br/SigepMasterJPA/AtendeClienteService/AtendeCliente] namespace: [http://cliente.bean.master.sigep.bsb.correios.com.br/] prefixo: [cli]
 [com.milklabs.wscall.SecureWebServiceCaller] DEBUG 2022-03-28 20:06:20,127 - [chamarSincronoWS] chamado, EndpointReference: [Address: https://apps.correios.com.br/SigepMasterJPA/AtendeClienteService/AtendeCliente] namespace: [http://cliente.bean.master.sigep.bsb.correios.com.br/] prefixo: [cli] metodo: [consultaCEP] params: [{cep=22410-030}] username: [null] password: [null]
 [com.milklabs.wscall.SecureWebServiceCaller] DEBUG 2022-03-28 20:06:20,156 - null
 [com.milklabs.wscall.SecureWebServiceCaller] INFO  2022-03-28 20:06:22,044 - [chamarSincronoWS] resposta XML: 
<ns2:consultaCEPResponse xmlns:ns2="http://cliente.bean.master.sigep.bsb.correios.com.br/"><return><bairro>Ipanema</bairro><cep>22410030</cep><cidade>Rio de Janeiro</cidade><complemento2 /><end>Praça Nossa Senhora da Paz</end><uf>RJ</uf></return></ns2:consultaCEPResponse>
 [com.milklabs.wscall.SecureWebServiceCaller] DEBUG 2022-03-28 20:19:34,783 - [SecureWebServiceCaller] constructor called, urlServico: [Address: https://apps.correios.com.br/SigepMasterJPA/AtendeClienteService/AtendeCliente] namespace: [http://cliente.bean.master.sigep.bsb.correios.com.br/] prefixo: [cli]
 [com.milklabs.wscall.SecureWebServiceCaller] DEBUG 2022-03-28 20:19:34,785 - [chamarSincronoWS] chamado, EndpointReference: [Address: https://apps.correios.com.br/SigepMasterJPA/AtendeClienteService/AtendeCliente] namespace: [http://cliente.bean.master.sigep.bsb.correios.com.br/] prefixo: [cli] metodo: [consultaCEP] params: [{cep=22410-030}] username: [null] password: [null]
 [com.milklabs.wscall.SecureWebServiceCaller] DEBUG 2022-03-28 20:19:34,814 - null
 [com.milklabs.wscall.SecureWebServiceCaller] INFO  2022-03-28 20:19:36,707 - [chamarSincronoWS] resposta XML: 
<ns2:consultaCEPResponse xmlns:ns2="http://cliente.bean.master.sigep.bsb.correios.com.br/"><return><bairro>Ipanema</bairro><cep>22410030</cep><cidade>Rio de Janeiro</cidade><complemento2 /><end>Praça Nossa Senhora da Paz</end><uf>RJ</uf></return></ns2:consultaCEPResponse>
 [com.milklabs.wscall.SecureWebServiceCaller] DEBUG 2022-03-28 20:27:23,068 - [SecureWebServiceCaller] constructor called, urlServico: [Address: https://apps.correios.com.br/SigepMasterJPA/AtendeClienteService/AtendeCliente] namespace: [http://cliente.bean.master.sigep.bsb.correios.com.br/] prefixo: [cli]
 [com.milklabs.wscall.SecureWebServiceCaller] DEBUG 2022-03-28 21:29:30,303 - [SecureWebServiceCaller] constructor called, urlServico: [Address: https://apps.correios.com.br/SigepMasterJPA/AtendeClienteService/AtendeCliente] namespace: [http://cliente.bean.master.sigep.bsb.correios.com.br/] prefixo: [cli]
 [com.milklabs.wscall.SecureWebServiceCaller] DEBUG 2022-03-28 21:29:30,305 - [chamarSincronoWS] chamado, EndpointReference: [Address: https://apps.correios.com.br/SigepMasterJPA/AtendeClienteService/AtendeCliente] namespace: [http://cliente.bean.master.sigep.bsb.correios.com.br/] prefixo: [cli] metodo: [consultaCEP] params: [{cep=22410-030}] username: [null] password: [null]
 [com.milklabs.wscall.SecureWebServiceCaller] DEBUG 2022-03-28 21:29:30,575 - null
 [com.milklabs.wscall.SecureWebServiceCaller] INFO  2022-03-28 21:29:32,922 - [chamarSincronoWS] resposta XML: 
<ns2:consultaCEPResponse xmlns:ns2="http://cliente.bean.master.sigep.bsb.correios.com.br/"><return><bairro>Ipanema</bairro><cep>22410030</cep><cidade>Rio de Janeiro</cidade><complemento2/><end>Praça Nossa Senhora da Paz</end><uf>RJ</uf></return></ns2:consultaCEPResponse>
 [com.milklabs.wscall.SecureWebServiceCaller] DEBUG 2022-03-28 21:32:05,401 - [SecureWebServiceCaller] constructor called, urlServico: [Address: https://apps.correios.com.br/SigepMasterJPA/AtendeClienteService/AtendeCliente] namespace: [http://cliente.bean.master.sigep.bsb.correios.com.br/] prefixo: [cli]
 [com.milklabs.wscall.SecureWebServiceCaller] DEBUG 2022-03-28 21:32:05,403 - [chamarSincronoWS] chamado, EndpointReference: [Address: https://apps.correios.com.br/SigepMasterJPA/AtendeClienteService/AtendeCliente] namespace: [http://cliente.bean.master.sigep.bsb.correios.com.br/] prefixo: [cli] metodo: [consultaCEP] params: [{cep=22410-030}] username: [null] password: [null]
 [com.milklabs.wscall.SecureWebServiceCaller] DEBUG 2022-03-28 21:32:05,615 - null
 [com.milklabs.wscall.SecureWebServiceCaller] INFO  2022-03-28 21:32:07,575 - [chamarSincronoWS] resposta XML: 
<ns2:consultaCEPResponse xmlns:ns2="http://cliente.bean.master.sigep.bsb.correios.com.br/"><return><bairro>Ipanema</bairro><cep>22410030</cep><cidade>Rio de Janeiro</cidade><complemento2/><end>Praça Nossa Senhora da Paz</end><uf>RJ</uf></return></ns2:consultaCEPResponse>
 [com.milklabs.wscall.SecureWebServiceCaller] DEBUG 2022-03-28 21:33:23,216 - [SecureWebServiceCaller] constructor called, urlServico: [Address: https://apps.correios.com.br/SigepMasterJPA/AtendeClienteService/AtendeCliente] namespace: [http://cliente.bean.master.sigep.bsb.correios.com.br/] prefixo: [cli]
 [com.milklabs.wscall.SecureWebServiceCaller] DEBUG 2022-03-28 21:33:23,217 - [chamarSincronoWS] chamado, EndpointReference: [Address: https://apps.correios.com.br/SigepMasterJPA/AtendeClienteService/AtendeCliente] namespace: [http://cliente.bean.master.sigep.bsb.correios.com.br/] prefixo: [cli] metodo: [consultaCEP] params: [{cep=22410-030}] username: [null] password: [null]
 [com.milklabs.wscall.SecureWebServiceCaller] DEBUG 2022-03-28 21:33:23,430 - null
 [com.milklabs.wscall.SecureWebServiceCaller] INFO  2022-03-28 21:33:25,410 - [chamarSincronoWS] resposta XML: 
<ns2:consultaCEPResponse xmlns:ns2="http://cliente.bean.master.sigep.bsb.correios.com.br/"><return><bairro>Ipanema</bairro><cep>22410030</cep><cidade>Rio de Janeiro</cidade><complemento2/><end>Praça Nossa Senhora da Paz</end><uf>RJ</uf></return></ns2:consultaCEPResponse>
 [com.milklabs.wscall.SecureWebServiceCaller] DEBUG 2022-03-28 22:56:36,907 - [SecureWebServiceCaller] constructor called, urlServico: [Address: https://apps.correios.com.br/SigepMasterJPA/AtendeClienteService/AtendeCliente] namespace: [http://cliente.bean.master.sigep.bsb.correios.com.br/] prefixo: [cli]
 [com.milklabs.wscall.SecureWebServiceCaller] DEBUG 2022-03-28 22:56:36,909 - [chamarSincronoWS] chamado, EndpointReference: [Address: https://apps.correios.com.br/SigepMasterJPA/AtendeClienteService/AtendeCliente] namespace: [http://cliente.bean.master.sigep.bsb.correios.com.br/] prefixo: [cli] metodo: [consultaCEP] params: [{cep=22410-030}] username: [null] password: [null]
 [com.milklabs.wscall.SecureWebServiceCaller] DEBUG 2022-03-28 22:56:37,123 - null
 [com.milklabs.wscall.SecureWebServiceCaller] INFO  2022-03-28 22:56:39,063 - [chamarSincronoWS] resposta XML: 
<ns2:consultaCEPResponse xmlns:ns2="http://cliente.bean.master.sigep.bsb.correios.com.br/"><return><bairro>Ipanema</bairro><cep>22410030</cep><cidade>Rio de Janeiro</cidade><complemento2/><end>Praça Nossa Senhora da Paz</end><uf>RJ</uf></return></ns2:consultaCEPResponse>
 [com.milklabs.wscall.SecureWebServiceCaller] DEBUG 2022-03-28 22:57:39,392 - [SecureWebServiceCaller] constructor called, urlServico: [Address: https://apps.correios.com.br/SigepMasterJPA/AtendeClienteService/AtendeCliente] namespace: [http://cliente.bean.master.sigep.bsb.correios.com.br/] prefixo: [cli]
 [com.milklabs.wscall.SecureWebServiceCaller] DEBUG 2022-03-28 22:57:39,393 - [chamarSincronoWS] chamado, EndpointReference: [Address: https://apps.correios.com.br/SigepMasterJPA/AtendeClienteService/AtendeCliente] namespace: [http://cliente.bean.master.sigep.bsb.correios.com.br/] prefixo: [cli] metodo: [consultaCEP] params: [{cep=22410-030}] username: [null] password: [null]
 [com.milklabs.wscall.SecureWebServiceCaller] DEBUG 2022-03-28 22:57:39,604 - null
 [com.milklabs.wscall.SecureWebServiceCaller] INFO  2022-03-28 22:57:41,531 - [chamarSincronoWS] resposta XML: 
<ns2:consultaCEPResponse xmlns:ns2="http://cliente.bean.master.sigep.bsb.correios.com.br/"><return><bairro>Ipanema</bairro><cep>22410030</cep><cidade>Rio de Janeiro</cidade><complemento2/><end>Praça Nossa Senhora da Paz</end><uf>RJ</uf></return></ns2:consultaCEPResponse>
 [com.milklabs.wscall.SecureWebServiceCaller] DEBUG 2022-03-28 22:58:56,031 - [SecureWebServiceCaller] constructor called, urlServico: [Address: https://apps.correios.com.br/SigepMasterJPA/AtendeClienteService/AtendeCliente] namespace: [http://cliente.bean.master.sigep.bsb.correios.com.br/] prefixo: [cli]
 [com.milklabs.wscall.SecureWebServiceCaller] DEBUG 2022-03-28 22:58:56,033 - [chamarSincronoWS] chamado, EndpointReference: [Address: https://apps.correios.com.br/SigepMasterJPA/AtendeClienteService/AtendeCliente] namespace: [http://cliente.bean.master.sigep.bsb.correios.com.br/] prefixo: [cli] metodo: [consultaCEP] params: [{cep=22410-030}] username: [null] password: [null]
 [com.milklabs.wscall.SecureWebServiceCaller] DEBUG 2022-03-28 22:58:56,245 - null
 [com.milklabs.wscall.SecureWebServiceCaller] INFO  2022-03-28 22:58:58,192 - [chamarSincronoWS] resposta XML: 
<ns2:consultaCEPResponse xmlns:ns2="http://cliente.bean.master.sigep.bsb.correios.com.br/"><return><bairro>Ipanema</bairro><cep>22410030</cep><cidade>Rio de Janeiro</cidade><complemento2/><end>Praça Nossa Senhora da Paz</end><uf>RJ</uf></return></ns2:consultaCEPResponse>
 